[17:51:51] [ServerMain/INFO]: [bootstrap] Running Java 21 (OpenJDK 64-Bit Server VM 21.0.6+7-Ubuntu-120.04.1; Ubuntu null) on Linux 6.8.0-1021-azure (amd64)
[17:51:51] [ServerMain/INFO]: [bootstrap] Loading Paper 1.21.3-63-master@4190ee7 (2024-11-25T18:59:19Z) for Minecraft 1.21.3
[17:51:51] [ServerMain/INFO]: [PluginInitializerManager] Initializing plugins...
[17:51:51] [Paper Plugin Remapper Thread - 2/INFO]: [PluginRemapper] Remapping plugin 'plugins/SkinsRestorer.jar'...
[17:51:54] [Paper Plugin Remapper Thread - 2/INFO]: [PluginRemapper] Done remapping plugin 'plugins/SkinsRestorer.jar' in 2197ms.
[17:51:54] [ServerMain/INFO]: [PluginInitializerManager] Initialized 1 plugin
[17:51:54] [ServerMain/INFO]: [PluginInitializerManager] Bukkit plugins (1):
 - SkinsRestorer (15.6.2)
[17:51:58] [ServerMain/INFO]: Environment: Environment[sessionHost=https://sessionserver.mojang.com, servicesHost=https://api.minecraftservices.com, name=PROD]
[17:52:00] [ServerMain/INFO]: Loaded 1337 recipes
[17:52:00] [ServerMain/INFO]: Loaded 1448 advancements
[17:52:00] [Server thread/INFO]: Starting minecraft server version 1.21.3
[17:52:00] [Server thread/INFO]: Loading properties
[17:52:00] [Server thread/INFO]: This server is running Paper version 1.21.3-63-master@4190ee7 (2024-11-25T18:59:19Z) (Implementing API version 1.21.3-R0.1-SNAPSHOT)
[17:52:01] [Server thread/INFO]: [spark] This server bundles the spark profiler. For more information please visit https://docs.papermc.io/paper/profiling
[17:52:01] [Server thread/INFO]: Server Ping Player Sample Count: 12
[17:52:01] [Server thread/INFO]: Using 4 threads for Netty based IO
[17:52:02] [Server thread/INFO]: [MoonriseCommon] Paper is using 1 worker threads, 1 I/O threads
[17:52:02] [Server thread/INFO]: [ChunkTaskScheduler] Chunk system is using population gen parallelism: true
[17:52:02] [Server thread/INFO]: Default game type: SURVIVAL
[17:52:02] [Server thread/INFO]: Generating keypair
[17:52:02] [Server thread/INFO]: Starting Minecraft server on *:25565
[17:52:02] [Server thread/INFO]: Using epoll channel type
[17:52:02] [Server thread/INFO]: Paper: Using libdeflate (Linux x86_64) compression from Velocity.
[17:52:02] [Server thread/INFO]: Paper: Using OpenSSL 1.1.x (Linux x86_64) cipher from Velocity.
[17:52:02] [Server thread/INFO]: [SkinsRestorer] Loading server plugin SkinsRestorer v15.6.2
[17:52:02] [Server thread/INFO]: Server permissions file permissions.yml is empty, ignoring it
[17:52:02] [Server thread/INFO]: [SkinsRestorer] Enabling SkinsRestorer v15.6.2
[17:52:03] [Server thread/WARN]: [SkinsRestorer] You must agree to the rules at 'commands.perSkinPermissionsConsent' in the config to use per skin permissions.
[17:52:04] [Server thread/INFO]: [SkinsRestorer] Running on Minecraft 1.21.3.
[17:52:04] [Server thread/INFO]: [SkinsRestorer] Using paper join listener!
[17:52:04] [Server thread/WARN]: **** SERVER IS RUNNING IN OFFLINE/INSECURE MODE!
[17:52:04] [Server thread/WARN]: The server will make no attempt to authenticate usernames. Beware.
[17:52:04] [Server thread/WARN]: While this makes the game possible to play without internet access, it also opens up the ability for hackers to connect with any username they choose.
[17:52:04] [Server thread/WARN]: To change this, set "online-mode" to "true" in the server.properties file.
[17:52:04] [Server thread/INFO]: Preparing level "world"
[17:52:05] [Folia Async Scheduler Thread #1/INFO]: [SkinsRestorer] ----------------------------------------------
[17:52:05] [Folia Async Scheduler Thread #1/INFO]: [SkinsRestorer]     +==================+
[17:52:05] [Folia Async Scheduler Thread #1/INFO]: [SkinsRestorer]     |   SkinsRestorer  |
[17:52:05] [Folia Async Scheduler Thread #1/INFO]: [SkinsRestorer]     |------------------|
[17:52:05] [Folia Async Scheduler Thread #1/INFO]: [SkinsRestorer]     |  Standalone Mode |
[17:52:05] [Folia Async Scheduler Thread #1/INFO]: [SkinsRestorer]     +==================+
[17:52:05] [Folia Async Scheduler Thread #1/INFO]: [SkinsRestorer] ----------------------------------------------
[17:52:05] [Folia Async Scheduler Thread #1/INFO]: [SkinsRestorer]     Version: 15.6.2
[17:52:05] [Folia Async Scheduler Thread #1/INFO]: [SkinsRestorer]     Commit: 7bda5de
[17:52:05] [Folia Async Scheduler Thread #1/INFO]: [SkinsRestorer]     This is the latest version!
[17:52:05] [Folia Async Scheduler Thread #1/INFO]: [SkinsRestorer] ----------------------------------------------
[17:52:05] [Folia Async Scheduler Thread #1/INFO]: [SkinsRestorer] Do you have issues? Read our troubleshooting guide: https://skinsrestorer.net/docs/troubleshooting
[17:52:05] [Folia Async Scheduler Thread #1/INFO]: [SkinsRestorer] Want to support SkinsRestorer? Consider donating: https://skinsrestorer.net/donate
[17:52:05] [Server thread/INFO]: Preparing start region for dimension minecraft:overworld
[17:52:05] [Paper Common Worker #0/INFO]: [MCTypeRegistry] Initialising converters for DataConverter...
[17:52:06] [Paper Common Worker #0/INFO]: [MCTypeRegistry] Finished initialising converters for DataConverter in 381.5ms
[17:52:06] [Server thread/INFO]: Preparing spawn area: 0%
[17:52:06] [Server thread/INFO]: Preparing spawn area: 0%
[17:52:06] [Server thread/INFO]: Preparing spawn area: 0%
[17:52:07] [Server thread/INFO]: Time elapsed: 1500 ms
[17:52:07] [Server thread/INFO]: Preparing start region for dimension minecraft:the_nether
[17:52:07] [Server thread/INFO]: Preparing spawn area: 0%
[17:52:07] [Server thread/INFO]: Time elapsed: 241 ms
[17:52:07] [Server thread/INFO]: Preparing start region for dimension minecraft:the_end
[17:52:07] [Server thread/INFO]: Preparing spawn area: 0%
[17:52:07] [Server thread/INFO]: Time elapsed: 162 ms
[17:52:07] [Server thread/INFO]: [spark] Starting background profiler...
[17:52:07] [Server thread/INFO]: Done preparing level "world" (2.761s)
[17:52:07] [Server thread/INFO]: Running delayed init tasks
[17:52:07] [Server thread/INFO]: Done (17.522s)! For help, type "help"
[17:52:10] [User Authenticator #0/INFO]: UUID of player R4FA1337 is 3e6edd23-b56b-379b-b68c-899ad2cdec29
[17:52:11] [Server thread/INFO]: R4FA1337 joined the game
[17:52:11] [Server thread/INFO]: R4FA1337[/100.73.149.61:64875] logged in with entity id 155 at ([world]29.593678421667736, 74.0, 6.248265923089302)
[17:53:39] [Server thread/INFO]: R4FA1337 has made the advancement [Stone Age]
[17:54:09] [Server thread/INFO]: R4FA1337 has made the advancement [Getting an Upgrade]
